{
  "C:/evgmin/ROLLINGSCOPES/react2023Q1-tasks/rss-react-2023/my-app/src/constants/pages.tsx": {
    "path": "C:/evgmin/ROLLINGSCOPES/react2023Q1-tasks/rss-react-2023/my-app/src/constants/pages.tsx",
    "statementMap": {
      "0": {
        "start": {
          "line": 1,
          "column": 21
        },
        "end": {
          "line": 6,
          "column": 1
        }
      }
    },
    "fnMap": {},
    "branchMap": {},
    "s": {
      "0": 73
    },
    "f": {},
    "b": {},
    "inputSourceMap": {
      "version": 3,
      "mappings": "AAAO,aAAMA,QAAQ;AAAA,EACnBC,OAAO;AAAA,EACPC,MAAM;AAAA,EACNC,OAAO;AAAA,EACPC,OAAO;AACT",
      "names": [
        "PAGES",
        "about",
        "home",
        "error",
        "forms"
      ],
      "sources": [
        "C:/evgmin/ROLLINGSCOPES/react2023Q1-tasks/rss-react-2023/my-app/src/constants/pages.tsx"
      ],
      "file": "C:/evgmin/ROLLINGSCOPES/react2023Q1-tasks/rss-react-2023/my-app/src/constants/pages.tsx"
    },
    "_coverageSchema": "1a1c01bbd47fc00a2c39e90264f33305004495a9",
    "hash": "d0e57ce615c4274d01899d5d38f96dd68f0695c6"
  },
  "C:/evgmin/ROLLINGSCOPES/react2023Q1-tasks/rss-react-2023/my-app/src/pages/Aboutpage.tsx": {
    "path": "C:/evgmin/ROLLINGSCOPES/react2023Q1-tasks/rss-react-2023/my-app/src/pages/Aboutpage.tsx",
    "statementMap": {
      "0": {
        "start": {
          "line": 5,
          "column": 0
        },
        "end": {
          "line": 15,
          "column": 1
        }
      },
      "1": {
        "start": {
          "line": 6,
          "column": 2
        },
        "end": {
          "line": 8,
          "column": 3
        }
      },
      "2": {
        "start": {
          "line": 7,
          "column": 4
        },
        "end": {
          "line": 7,
          "column": 165
        }
      },
      "3": {
        "start": {
          "line": 9,
          "column": 2
        },
        "end": {
          "line": 9,
          "column": 39
        }
      },
      "4": {
        "start": {
          "line": 10,
          "column": 2
        },
        "end": {
          "line": 10,
          "column": 39
        }
      },
      "5": {
        "start": {
          "line": 11,
          "column": 2
        },
        "end": {
          "line": 13,
          "column": 4
        }
      },
      "6": {
        "start": {
          "line": 12,
          "column": 4
        },
        "end": {
          "line": 12,
          "column": 131
        }
      },
      "7": {
        "start": {
          "line": 14,
          "column": 2
        },
        "end": {
          "line": 14,
          "column": 75
        }
      },
      "8": {
        "start": {
          "line": 16,
          "column": 9
        },
        "end": {
          "line": 16,
          "column": 23
        }
      },
      "9": {
        "start": {
          "line": 20,
          "column": 2
        },
        "end": {
          "line": 20,
          "column": 7
        }
      },
      "10": {
        "start": {
          "line": 21,
          "column": 2
        },
        "end": {
          "line": 24,
          "column": 14
        }
      },
      "11": {
        "start": {
          "line": 22,
          "column": 25
        },
        "end": {
          "line": 22,
          "column": 61
        }
      },
      "12": {
        "start": {
          "line": 22,
          "column": 35
        },
        "end": {
          "line": 22,
          "column": 61
        }
      },
      "13": {
        "start": {
          "line": 23,
          "column": 4
        },
        "end": {
          "line": 23,
          "column": 30
        }
      },
      "14": {
        "start": {
          "line": 25,
          "column": 2
        },
        "end": {
          "line": 86,
          "column": 11
        }
      },
      "15": {
        "start": {
          "line": 88,
          "column": 0
        },
        "end": {
          "line": 88,
          "column": 46
        }
      },
      "16": {
        "start": {
          "line": 89,
          "column": 0
        },
        "end": {
          "line": 89,
          "column": 15
        }
      },
      "17": {
        "start": {
          "line": 91,
          "column": 0
        },
        "end": {
          "line": 91,
          "column": 30
        }
      },
      "18": {
        "start": {
          "line": 92,
          "column": 0
        },
        "end": {
          "line": 108,
          "column": 1
        }
      },
      "19": {
        "start": {
          "line": 93,
          "column": 2
        },
        "end": {
          "line": 93,
          "column": 39
        }
      },
      "20": {
        "start": {
          "line": 94,
          "column": 2
        },
        "end": {
          "line": 94,
          "column": 39
        }
      },
      "21": {
        "start": {
          "line": 95,
          "column": 2
        },
        "end": {
          "line": 107,
          "column": 5
        }
      },
      "22": {
        "start": {
          "line": 99,
          "column": 4
        },
        "end": {
          "line": 99,
          "column": 157
        }
      },
      "23": {
        "start": {
          "line": 100,
          "column": 4
        },
        "end": {
          "line": 106,
          "column": 7
        }
      },
      "24": {
        "start": {
          "line": 101,
          "column": 6
        },
        "end": {
          "line": 102,
          "column": 15
        }
      },
      "25": {
        "start": {
          "line": 102,
          "column": 8
        },
        "end": {
          "line": 102,
          "column": 15
        }
      },
      "26": {
        "start": {
          "line": 103,
          "column": 32
        },
        "end": {
          "line": 103,
          "column": 115
        }
      },
      "27": {
        "start": {
          "line": 104,
          "column": 6
        },
        "end": {
          "line": 105,
          "column": 54
        }
      },
      "28": {
        "start": {
          "line": 105,
          "column": 8
        },
        "end": {
          "line": 105,
          "column": 54
        }
      }
    },
    "fnMap": {
      "0": {
        "name": "(anonymous_0)",
        "decl": {
          "start": {
            "line": 11,
            "column": 24
          },
          "end": {
            "line": 11,
            "column": 25
          }
        },
        "loc": {
          "start": {
            "line": 11,
            "column": 38
          },
          "end": {
            "line": 13,
            "column": 3
          }
        },
        "line": 11
      },
      "1": {
        "name": "Aboutpage",
        "decl": {
          "start": {
            "line": 19,
            "column": 16
          },
          "end": {
            "line": 19,
            "column": 25
          }
        },
        "loc": {
          "start": {
            "line": 19,
            "column": 33
          },
          "end": {
            "line": 87,
            "column": 1
          }
        },
        "line": 19
      },
      "2": {
        "name": "(anonymous_2)",
        "decl": {
          "start": {
            "line": 21,
            "column": 12
          },
          "end": {
            "line": 21,
            "column": 13
          }
        },
        "loc": {
          "start": {
            "line": 21,
            "column": 18
          },
          "end": {
            "line": 24,
            "column": 3
          }
        },
        "line": 21
      },
      "3": {
        "name": "(anonymous_3)",
        "decl": {
          "start": {
            "line": 22,
            "column": 25
          },
          "end": {
            "line": 22,
            "column": 26
          }
        },
        "loc": {
          "start": {
            "line": 22,
            "column": 35
          },
          "end": {
            "line": 22,
            "column": 61
          }
        },
        "line": 22
      },
      "4": {
        "name": "(anonymous_4)",
        "decl": {
          "start": {
            "line": 98,
            "column": 9
          },
          "end": {
            "line": 98,
            "column": 10
          }
        },
        "loc": {
          "start": {
            "line": 98,
            "column": 29
          },
          "end": {
            "line": 107,
            "column": 3
          }
        },
        "line": 98
      },
      "5": {
        "name": "(anonymous_5)",
        "decl": {
          "start": {
            "line": 100,
            "column": 27
          },
          "end": {
            "line": 100,
            "column": 28
          }
        },
        "loc": {
          "start": {
            "line": 100,
            "column": 44
          },
          "end": {
            "line": 106,
            "column": 5
          }
        },
        "line": 100
      }
    },
    "branchMap": {
      "0": {
        "loc": {
          "start": {
            "line": 5,
            "column": 0
          },
          "end": {
            "line": 15,
            "column": 1
          }
        },
        "type": "if",
        "locations": [
          {
            "start": {
              "line": 5,
              "column": 0
            },
            "end": {
              "line": 15,
              "column": 1
            }
          },
          {
            "start": {},
            "end": {}
          }
        ],
        "line": 5
      },
      "1": {
        "loc": {
          "start": {
            "line": 6,
            "column": 2
          },
          "end": {
            "line": 8,
            "column": 3
          }
        },
        "type": "if",
        "locations": [
          {
            "start": {
              "line": 6,
              "column": 2
            },
            "end": {
              "line": 8,
              "column": 3
            }
          },
          {
            "start": {},
            "end": {}
          }
        ],
        "line": 6
      },
      "2": {
        "loc": {
          "start": {
            "line": 92,
            "column": 0
          },
          "end": {
            "line": 108,
            "column": 1
          }
        },
        "type": "if",
        "locations": [
          {
            "start": {
              "line": 92,
              "column": 0
            },
            "end": {
              "line": 108,
              "column": 1
            }
          },
          {
            "start": {},
            "end": {}
          }
        ],
        "line": 92
      },
      "3": {
        "loc": {
          "start": {
            "line": 101,
            "column": 6
          },
          "end": {
            "line": 102,
            "column": 15
          }
        },
        "type": "if",
        "locations": [
          {
            "start": {
              "line": 101,
              "column": 6
            },
            "end": {
              "line": 102,
              "column": 15
            }
          },
          {
            "start": {},
            "end": {}
          }
        ],
        "line": 101
      },
      "4": {
        "loc": {
          "start": {
            "line": 104,
            "column": 6
          },
          "end": {
            "line": 105,
            "column": 54
          }
        },
        "type": "if",
        "locations": [
          {
            "start": {
              "line": 104,
              "column": 6
            },
            "end": {
              "line": 105,
              "column": 54
            }
          },
          {
            "start": {},
            "end": {}
          }
        ],
        "line": 104
      }
    },
    "s": {
      "0": 73,
      "1": 73,
      "2": 0,
      "3": 73,
      "4": 73,
      "5": 73,
      "6": 73,
      "7": 73,
      "8": 73,
      "9": 124,
      "10": 124,
      "11": 93,
      "12": 93,
      "13": 93,
      "14": 124,
      "15": 73,
      "16": 73,
      "17": 73,
      "18": 73,
      "19": 73,
      "20": 73,
      "21": 73,
      "22": 70,
      "23": 70,
      "24": 0,
      "25": 0,
      "26": 0,
      "27": 0,
      "28": 0
    },
    "f": {
      "0": 73,
      "1": 124,
      "2": 93,
      "3": 93,
      "4": 70,
      "5": 0
    },
    "b": {
      "0": [
        73,
        0
      ],
      "1": [
        0,
        73
      ],
      "2": [
        73,
        0
      ],
      "3": [
        0,
        0
      ],
      "4": [
        0,
        0
      ]
    },
    "inputSourceMap": {
      "version": 3,
      "mappings": "AAYM;;;;;;;;;;;;;;;;AAZN,SAAgBA,iBAAiB;AAEjC,SAASC,aAAa;AAEf,gBAASC,UAAUC,OAAkC;AAAAC;AAC1DJ,YAAU,MAAM;AACd,UAAMK,eAAeA,CAACC,SAAiBH,MAAMI,eAAeD,IAAI;AAChED,iBAAaJ,MAAMO,KAAK;AAAA,EAC1B,GAAG,CAACL,KAAK,CAAC;AAEV,SACE,uBAAC,SAAI,WAAU,wBACb;AAAA,2BAAC,QAAG,oCAAJ;AAAA;AAAA;AAAA;AAAA,WAAwB;AAAA,IACxB,uBAAC,OAAE,WAAU,yBAAwB,qKAArC;AAAA;AAAA;AAAA;AAAA,WAGA;AAAA,IACA,uBAAC,OAAE,WAAU,6CAA4C,6CAAzD;AAAA;AAAA;AAAA;AAAA,WAAsF;AAAA,IACtF,uBAAC,OAAE,WAAU,yBAAwB,sOAArC;AAAA;AAAA;AAAA;AAAA,WAIA;AAAA,IACA,uBAAC,OAAE,WAAU,yBAAwB,0SAArC;AAAA;AAAA;AAAA;AAAA,WAKA;AAAA,IACA,uBAAC,OAAE,WAAU,yBAAwB,ubAArC;AAAA;AAAA;AAAA;AAAA,WAMA;AAAA,IACA,uBAAC,QAAG,WAAU,yBACZ;AAAA,6BAAC,QAAG,+BAAJ;AAAA;AAAA;AAAA;AAAA,aAAmB;AAAA,MACnB,uBAAC,QAAG,kCAAJ;AAAA;AAAA;AAAA;AAAA,aAAsB;AAAA,MACtB,uBAAC,QAAG,gCAAJ;AAAA;AAAA;AAAA;AAAA,aAAoB;AAAA,SAHtB;AAAA;AAAA;AAAA;AAAA,WAIA;AAAA,IACA,uBAAC,OAAE,WAAU,yBAAwB,kTAArC;AAAA;AAAA;AAAA;AAAA,WAKA;AAAA,OAnCF;AAAA;AAAA;AAAA;AAAA,SAoCA;AAEJ;AAACC,GA7CeF,WAAS;AAAAO,KAATP;AAAS;AAAAQ",
      "names": [
        "useEffect",
        "PAGES",
        "Aboutpage",
        "props",
        "_s",
        "showPageName",
        "page",
        "handleOpenPage",
        "about",
        "_c",
        "$RefreshReg$"
      ],
      "sources": [
        "C:/evgmin/ROLLINGSCOPES/react2023Q1-tasks/rss-react-2023/my-app/src/pages/Aboutpage.tsx"
      ],
      "file": "C:/evgmin/ROLLINGSCOPES/react2023Q1-tasks/rss-react-2023/my-app/src/pages/Aboutpage.tsx"
    },
    "_coverageSchema": "1a1c01bbd47fc00a2c39e90264f33305004495a9",
    "hash": "f5e657fd1dc3441ddd704a9f253285bc4f5d6f19"
  },
  "C:/evgmin/ROLLINGSCOPES/react2023Q1-tasks/rss-react-2023/my-app/src/pages/Errorpage.tsx": {
    "path": "C:/evgmin/ROLLINGSCOPES/react2023Q1-tasks/rss-react-2023/my-app/src/pages/Errorpage.tsx",
    "statementMap": {
      "0": {
        "start": {
          "line": 5,
          "column": 0
        },
        "end": {
          "line": 15,
          "column": 1
        }
      },
      "1": {
        "start": {
          "line": 6,
          "column": 2
        },
        "end": {
          "line": 8,
          "column": 3
        }
      },
      "2": {
        "start": {
          "line": 7,
          "column": 4
        },
        "end": {
          "line": 7,
          "column": 165
        }
      },
      "3": {
        "start": {
          "line": 9,
          "column": 2
        },
        "end": {
          "line": 9,
          "column": 39
        }
      },
      "4": {
        "start": {
          "line": 10,
          "column": 2
        },
        "end": {
          "line": 10,
          "column": 39
        }
      },
      "5": {
        "start": {
          "line": 11,
          "column": 2
        },
        "end": {
          "line": 13,
          "column": 4
        }
      },
      "6": {
        "start": {
          "line": 12,
          "column": 4
        },
        "end": {
          "line": 12,
          "column": 131
        }
      },
      "7": {
        "start": {
          "line": 14,
          "column": 2
        },
        "end": {
          "line": 14,
          "column": 75
        }
      },
      "8": {
        "start": {
          "line": 16,
          "column": 9
        },
        "end": {
          "line": 16,
          "column": 23
        }
      },
      "9": {
        "start": {
          "line": 20,
          "column": 2
        },
        "end": {
          "line": 20,
          "column": 7
        }
      },
      "10": {
        "start": {
          "line": 21,
          "column": 2
        },
        "end": {
          "line": 24,
          "column": 14
        }
      },
      "11": {
        "start": {
          "line": 22,
          "column": 25
        },
        "end": {
          "line": 22,
          "column": 61
        }
      },
      "12": {
        "start": {
          "line": 22,
          "column": 35
        },
        "end": {
          "line": 22,
          "column": 61
        }
      },
      "13": {
        "start": {
          "line": 23,
          "column": 4
        },
        "end": {
          "line": 23,
          "column": 30
        }
      },
      "14": {
        "start": {
          "line": 25,
          "column": 2
        },
        "end": {
          "line": 40,
          "column": 11
        }
      },
      "15": {
        "start": {
          "line": 42,
          "column": 0
        },
        "end": {
          "line": 42,
          "column": 46
        }
      },
      "16": {
        "start": {
          "line": 43,
          "column": 0
        },
        "end": {
          "line": 43,
          "column": 15
        }
      },
      "17": {
        "start": {
          "line": 45,
          "column": 0
        },
        "end": {
          "line": 45,
          "column": 30
        }
      },
      "18": {
        "start": {
          "line": 46,
          "column": 0
        },
        "end": {
          "line": 62,
          "column": 1
        }
      },
      "19": {
        "start": {
          "line": 47,
          "column": 2
        },
        "end": {
          "line": 47,
          "column": 39
        }
      },
      "20": {
        "start": {
          "line": 48,
          "column": 2
        },
        "end": {
          "line": 48,
          "column": 39
        }
      },
      "21": {
        "start": {
          "line": 49,
          "column": 2
        },
        "end": {
          "line": 61,
          "column": 5
        }
      },
      "22": {
        "start": {
          "line": 53,
          "column": 4
        },
        "end": {
          "line": 53,
          "column": 157
        }
      },
      "23": {
        "start": {
          "line": 54,
          "column": 4
        },
        "end": {
          "line": 60,
          "column": 7
        }
      },
      "24": {
        "start": {
          "line": 55,
          "column": 6
        },
        "end": {
          "line": 56,
          "column": 15
        }
      },
      "25": {
        "start": {
          "line": 56,
          "column": 8
        },
        "end": {
          "line": 56,
          "column": 15
        }
      },
      "26": {
        "start": {
          "line": 57,
          "column": 32
        },
        "end": {
          "line": 57,
          "column": 115
        }
      },
      "27": {
        "start": {
          "line": 58,
          "column": 6
        },
        "end": {
          "line": 59,
          "column": 54
        }
      },
      "28": {
        "start": {
          "line": 59,
          "column": 8
        },
        "end": {
          "line": 59,
          "column": 54
        }
      }
    },
    "fnMap": {
      "0": {
        "name": "(anonymous_0)",
        "decl": {
          "start": {
            "line": 11,
            "column": 24
          },
          "end": {
            "line": 11,
            "column": 25
          }
        },
        "loc": {
          "start": {
            "line": 11,
            "column": 38
          },
          "end": {
            "line": 13,
            "column": 3
          }
        },
        "line": 11
      },
      "1": {
        "name": "Errorpage",
        "decl": {
          "start": {
            "line": 19,
            "column": 16
          },
          "end": {
            "line": 19,
            "column": 25
          }
        },
        "loc": {
          "start": {
            "line": 19,
            "column": 33
          },
          "end": {
            "line": 41,
            "column": 1
          }
        },
        "line": 19
      },
      "2": {
        "name": "(anonymous_2)",
        "decl": {
          "start": {
            "line": 21,
            "column": 12
          },
          "end": {
            "line": 21,
            "column": 13
          }
        },
        "loc": {
          "start": {
            "line": 21,
            "column": 18
          },
          "end": {
            "line": 24,
            "column": 3
          }
        },
        "line": 21
      },
      "3": {
        "name": "(anonymous_3)",
        "decl": {
          "start": {
            "line": 22,
            "column": 25
          },
          "end": {
            "line": 22,
            "column": 26
          }
        },
        "loc": {
          "start": {
            "line": 22,
            "column": 35
          },
          "end": {
            "line": 22,
            "column": 61
          }
        },
        "line": 22
      },
      "4": {
        "name": "(anonymous_4)",
        "decl": {
          "start": {
            "line": 52,
            "column": 9
          },
          "end": {
            "line": 52,
            "column": 10
          }
        },
        "loc": {
          "start": {
            "line": 52,
            "column": 29
          },
          "end": {
            "line": 61,
            "column": 3
          }
        },
        "line": 52
      },
      "5": {
        "name": "(anonymous_5)",
        "decl": {
          "start": {
            "line": 54,
            "column": 27
          },
          "end": {
            "line": 54,
            "column": 28
          }
        },
        "loc": {
          "start": {
            "line": 54,
            "column": 44
          },
          "end": {
            "line": 60,
            "column": 5
          }
        },
        "line": 54
      }
    },
    "branchMap": {
      "0": {
        "loc": {
          "start": {
            "line": 5,
            "column": 0
          },
          "end": {
            "line": 15,
            "column": 1
          }
        },
        "type": "if",
        "locations": [
          {
            "start": {
              "line": 5,
              "column": 0
            },
            "end": {
              "line": 15,
              "column": 1
            }
          },
          {
            "start": {},
            "end": {}
          }
        ],
        "line": 5
      },
      "1": {
        "loc": {
          "start": {
            "line": 6,
            "column": 2
          },
          "end": {
            "line": 8,
            "column": 3
          }
        },
        "type": "if",
        "locations": [
          {
            "start": {
              "line": 6,
              "column": 2
            },
            "end": {
              "line": 8,
              "column": 3
            }
          },
          {
            "start": {},
            "end": {}
          }
        ],
        "line": 6
      },
      "2": {
        "loc": {
          "start": {
            "line": 46,
            "column": 0
          },
          "end": {
            "line": 62,
            "column": 1
          }
        },
        "type": "if",
        "locations": [
          {
            "start": {
              "line": 46,
              "column": 0
            },
            "end": {
              "line": 62,
              "column": 1
            }
          },
          {
            "start": {},
            "end": {}
          }
        ],
        "line": 46
      },
      "3": {
        "loc": {
          "start": {
            "line": 55,
            "column": 6
          },
          "end": {
            "line": 56,
            "column": 15
          }
        },
        "type": "if",
        "locations": [
          {
            "start": {
              "line": 55,
              "column": 6
            },
            "end": {
              "line": 56,
              "column": 15
            }
          },
          {
            "start": {},
            "end": {}
          }
        ],
        "line": 55
      },
      "4": {
        "loc": {
          "start": {
            "line": 58,
            "column": 6
          },
          "end": {
            "line": 59,
            "column": 54
          }
        },
        "type": "if",
        "locations": [
          {
            "start": {
              "line": 58,
              "column": 6
            },
            "end": {
              "line": 59,
              "column": 54
            }
          },
          {
            "start": {},
            "end": {}
          }
        ],
        "line": 58
      }
    },
    "s": {
      "0": 73,
      "1": 73,
      "2": 0,
      "3": 73,
      "4": 73,
      "5": 73,
      "6": 73,
      "7": 73,
      "8": 73,
      "9": 0,
      "10": 0,
      "11": 0,
      "12": 0,
      "13": 0,
      "14": 0,
      "15": 73,
      "16": 73,
      "17": 73,
      "18": 73,
      "19": 73,
      "20": 73,
      "21": 73,
      "22": 70,
      "23": 70,
      "24": 0,
      "25": 0,
      "26": 0,
      "27": 0,
      "28": 0
    },
    "f": {
      "0": 73,
      "1": 0,
      "2": 0,
      "3": 0,
      "4": 70,
      "5": 0
    },
    "b": {
      "0": [
        73,
        0
      ],
      "1": [
        0,
        73
      ],
      "2": [
        73,
        0
      ],
      "3": [
        0,
        0
      ],
      "4": [
        0,
        0
      ]
    },
    "inputSourceMap": {
      "version": 3,
      "mappings": "AAYM;;;;;;;;;;;;;;;;AAZN,SAAgBA,iBAAiB;AAEjC,SAASC,aAAa;AAEf,gBAASC,UAAUC,OAAkC;AAAAC;AAC1DJ,YAAU,MAAM;AACd,UAAMK,eAAeA,CAACC,SAAiBH,MAAMI,eAAeD,IAAI;AAChED,iBAAaJ,MAAMO,KAAK;AAAA,EAC1B,GAAG,CAACL,KAAK,CAAC;AAEV,SACE,uBAAC,SAAI,WAAU,wBACb;AAAA,2BAAC,OAAE,yBAAH;AAAA;AAAA;AAAA;AAAA,WAAY;AAAA,IACZ,uBAAC,QAAG,8CAAJ;AAAA;AAAA;AAAA;AAAA,WAAkC;AAAA,OAFpC;AAAA;AAAA;AAAA;AAAA,SAGA;AAEJ;AAACC,GAZeF,WAAS;AAAAO,KAATP;AAAS;AAAAQ",
      "names": [
        "useEffect",
        "PAGES",
        "Errorpage",
        "props",
        "_s",
        "showPageName",
        "page",
        "handleOpenPage",
        "error",
        "_c",
        "$RefreshReg$"
      ],
      "sources": [
        "C:/evgmin/ROLLINGSCOPES/react2023Q1-tasks/rss-react-2023/my-app/src/pages/Errorpage.tsx"
      ],
      "file": "C:/evgmin/ROLLINGSCOPES/react2023Q1-tasks/rss-react-2023/my-app/src/pages/Errorpage.tsx"
    },
    "_coverageSchema": "1a1c01bbd47fc00a2c39e90264f33305004495a9",
    "hash": "eab4cb9c9b4a0e88c4d4d9cc8e39e18395f39efb"
  },
  "C:/evgmin/ROLLINGSCOPES/react2023Q1-tasks/rss-react-2023/my-app/src/constants/comment.tsx": {
    "path": "C:/evgmin/ROLLINGSCOPES/react2023Q1-tasks/rss-react-2023/my-app/src/constants/comment.tsx",
    "statementMap": {
      "0": {
        "start": {
          "line": 1,
          "column": 35
        },
        "end": {
          "line": 1,
          "column": 37
        }
      },
      "1": {
        "start": {
          "line": 2,
          "column": 37
        },
        "end": {
          "line": 2,
          "column": 90
        }
      }
    },
    "fnMap": {},
    "branchMap": {},
    "s": {
      "0": 73,
      "1": 73
    },
    "f": {},
    "b": {},
    "inputSourceMap": {
      "version": 3,
      "mappings": "AAAO,aAAMA,sBAAsB;AAE5B,aAAMC,wBAAwB,CAAC,UAAU,cAAc,WAAW,SAAS,OAAO",
      "names": [
        "COMMENT_TEXT_LENGTH",
        "CATEGORIES_TITLES_ARR"
      ],
      "sources": [
        "C:/evgmin/ROLLINGSCOPES/react2023Q1-tasks/rss-react-2023/my-app/src/constants/comment.tsx"
      ],
      "file": "C:/evgmin/ROLLINGSCOPES/react2023Q1-tasks/rss-react-2023/my-app/src/constants/comment.tsx"
    },
    "_coverageSchema": "1a1c01bbd47fc00a2c39e90264f33305004495a9",
    "hash": "142012cfe950e69f7410bcd92ed816eb58b797c5"
  },
  "C:/evgmin/ROLLINGSCOPES/react2023Q1-tasks/rss-react-2023/my-app/src/constants/sortValues.tsx": {
    "path": "C:/evgmin/ROLLINGSCOPES/react2023Q1-tasks/rss-react-2023/my-app/src/constants/sortValues.tsx",
    "statementMap": {
      "0": {
        "start": {
          "line": 1,
          "column": 31
        },
        "end": {
          "line": 1,
          "column": 53
        }
      }
    },
    "fnMap": {},
    "branchMap": {},
    "s": {
      "0": 73
    },
    "f": {},
    "b": {},
    "inputSourceMap": {
      "version": 3,
      "mappings": "AAAO,aAAMA,kBAAkB,CAAC,YAAY,QAAQ",
      "names": [
        "SORT_VALUES_ARR"
      ],
      "sources": [
        "C:/evgmin/ROLLINGSCOPES/react2023Q1-tasks/rss-react-2023/my-app/src/constants/sortValues.tsx"
      ],
      "file": "C:/evgmin/ROLLINGSCOPES/react2023Q1-tasks/rss-react-2023/my-app/src/constants/sortValues.tsx"
    },
    "_coverageSchema": "1a1c01bbd47fc00a2c39e90264f33305004495a9",
    "hash": "5581b43f6496934ad220716591b590db9bb25728"
  },
  "C:/evgmin/ROLLINGSCOPES/react2023Q1-tasks/rss-react-2023/my-app/src/constants/token.tsx": {
    "path": "C:/evgmin/ROLLINGSCOPES/react2023Q1-tasks/rss-react-2023/my-app/src/constants/token.tsx",
    "statementMap": {
      "0": {
        "start": {
          "line": 1,
          "column": 24
        },
        "end": {
          "line": 1,
          "column": 50
        }
      },
      "1": {
        "start": {
          "line": 2,
          "column": 28
        },
        "end": {
          "line": 2,
          "column": 73
        }
      }
    },
    "fnMap": {},
    "branchMap": {},
    "s": {
      "0": 73,
      "1": 73
    },
    "f": {},
    "b": {},
    "inputSourceMap": {
      "version": 3,
      "mappings": "AAAO,aAAMA,WAAW;AACjB,aAAMC,eAAe",
      "names": [
        "BASE_URL",
        "UNSPLASH_API"
      ],
      "sources": [
        "C:/evgmin/ROLLINGSCOPES/react2023Q1-tasks/rss-react-2023/my-app/src/constants/token.tsx"
      ],
      "file": "C:/evgmin/ROLLINGSCOPES/react2023Q1-tasks/rss-react-2023/my-app/src/constants/token.tsx"
    },
    "_coverageSchema": "1a1c01bbd47fc00a2c39e90264f33305004495a9",
    "hash": "a8061e4ee8db226084d6cac56adce5585e23edb4"
  },
  "C:/evgmin/ROLLINGSCOPES/react2023Q1-tasks/rss-react-2023/my-app/src/constants/index.tsx": {
    "path": "C:/evgmin/ROLLINGSCOPES/react2023Q1-tasks/rss-react-2023/my-app/src/constants/index.tsx",
    "statementMap": {},
    "fnMap": {},
    "branchMap": {},
    "s": {},
    "f": {},
    "b": {},
    "inputSourceMap": {
      "version": 3,
      "mappings": "AAAA,SAASA,uBAAuBC,2BAA2B;AAC3D,SAASC,aAAa;AACtB,SAASC,uBAAuB;AAChC,SAASC,UAAUC,oBAAoB;AAEvC,SACEJ,qBACAD,uBACAE,OACAC,iBACAE,cACAD",
      "names": [
        "CATEGORIES_TITLES_ARR",
        "COMMENT_TEXT_LENGTH",
        "PAGES",
        "SORT_VALUES_ARR",
        "BASE_URL",
        "UNSPLASH_API"
      ],
      "sources": [
        "C:/evgmin/ROLLINGSCOPES/react2023Q1-tasks/rss-react-2023/my-app/src/constants/index.tsx"
      ],
      "file": "C:/evgmin/ROLLINGSCOPES/react2023Q1-tasks/rss-react-2023/my-app/src/constants/index.tsx"
    },
    "_coverageSchema": "1a1c01bbd47fc00a2c39e90264f33305004495a9",
    "hash": "37bb21aa319215c327ab56d2df36320a54591347"
  },
  "C:/evgmin/ROLLINGSCOPES/react2023Q1-tasks/rss-react-2023/my-app/src/components/form/inputs/TextInput.tsx": {
    "path": "C:/evgmin/ROLLINGSCOPES/react2023Q1-tasks/rss-react-2023/my-app/src/components/form/inputs/TextInput.tsx",
    "statementMap": {
      "0": {
        "start": {
          "line": 5,
          "column": 0
        },
        "end": {
          "line": 15,
          "column": 1
        }
      },
      "1": {
        "start": {
          "line": 6,
          "column": 2
        },
        "end": {
          "line": 8,
          "column": 3
        }
      },
      "2": {
        "start": {
          "line": 7,
          "column": 4
        },
        "end": {
          "line": 7,
          "column": 165
        }
      },
      "3": {
        "start": {
          "line": 9,
          "column": 2
        },
        "end": {
          "line": 9,
          "column": 39
        }
      },
      "4": {
        "start": {
          "line": 10,
          "column": 2
        },
        "end": {
          "line": 10,
          "column": 39
        }
      },
      "5": {
        "start": {
          "line": 11,
          "column": 2
        },
        "end": {
          "line": 13,
          "column": 4
        }
      },
      "6": {
        "start": {
          "line": 12,
          "column": 4
        },
        "end": {
          "line": 12,
          "column": 148
        }
      },
      "7": {
        "start": {
          "line": 14,
          "column": 2
        },
        "end": {
          "line": 14,
          "column": 75
        }
      },
      "8": {
        "start": {
          "line": 16,
          "column": 25
        },
        "end": {
          "line": 60,
          "column": 1
        }
      },
      "9": {
        "start": {
          "line": 22,
          "column": 6
        },
        "end": {
          "line": 22,
          "column": 11
        }
      },
      "10": {
        "start": {
          "line": 23,
          "column": 16
        },
        "end": {
          "line": 23,
          "column": 32
        }
      },
      "11": {
        "start": {
          "line": 24,
          "column": 16
        },
        "end": {
          "line": 24,
          "column": 29
        }
      },
      "12": {
        "start": {
          "line": 25,
          "column": 2
        },
        "end": {
          "line": 59,
          "column": 11
        }
      },
      "13": {
        "start": {
          "line": 61,
          "column": 0
        },
        "end": {
          "line": 61,
          "column": 15
        }
      },
      "14": {
        "start": {
          "line": 63,
          "column": 0
        },
        "end": {
          "line": 63,
          "column": 30
        }
      },
      "15": {
        "start": {
          "line": 64,
          "column": 0
        },
        "end": {
          "line": 80,
          "column": 1
        }
      },
      "16": {
        "start": {
          "line": 65,
          "column": 2
        },
        "end": {
          "line": 65,
          "column": 39
        }
      },
      "17": {
        "start": {
          "line": 66,
          "column": 2
        },
        "end": {
          "line": 66,
          "column": 39
        }
      },
      "18": {
        "start": {
          "line": 67,
          "column": 2
        },
        "end": {
          "line": 79,
          "column": 5
        }
      },
      "19": {
        "start": {
          "line": 71,
          "column": 4
        },
        "end": {
          "line": 71,
          "column": 174
        }
      },
      "20": {
        "start": {
          "line": 72,
          "column": 4
        },
        "end": {
          "line": 78,
          "column": 7
        }
      },
      "21": {
        "start": {
          "line": 73,
          "column": 6
        },
        "end": {
          "line": 74,
          "column": 15
        }
      },
      "22": {
        "start": {
          "line": 74,
          "column": 8
        },
        "end": {
          "line": 74,
          "column": 15
        }
      },
      "23": {
        "start": {
          "line": 75,
          "column": 32
        },
        "end": {
          "line": 75,
          "column": 115
        }
      },
      "24": {
        "start": {
          "line": 76,
          "column": 6
        },
        "end": {
          "line": 77,
          "column": 54
        }
      },
      "25": {
        "start": {
          "line": 77,
          "column": 8
        },
        "end": {
          "line": 77,
          "column": 54
        }
      }
    },
    "fnMap": {
      "0": {
        "name": "(anonymous_0)",
        "decl": {
          "start": {
            "line": 11,
            "column": 24
          },
          "end": {
            "line": 11,
            "column": 25
          }
        },
        "loc": {
          "start": {
            "line": 11,
            "column": 38
          },
          "end": {
            "line": 13,
            "column": 3
          }
        },
        "line": 11
      },
      "1": {
        "name": "(anonymous_1)",
        "decl": {
          "start": {
            "line": 16,
            "column": 25
          },
          "end": {
            "line": 16,
            "column": 26
          }
        },
        "loc": {
          "start": {
            "line": 16,
            "column": 36
          },
          "end": {
            "line": 60,
            "column": 1
          }
        },
        "line": 16
      },
      "2": {
        "name": "(anonymous_2)",
        "decl": {
          "start": {
            "line": 70,
            "column": 9
          },
          "end": {
            "line": 70,
            "column": 10
          }
        },
        "loc": {
          "start": {
            "line": 70,
            "column": 29
          },
          "end": {
            "line": 79,
            "column": 3
          }
        },
        "line": 70
      },
      "3": {
        "name": "(anonymous_3)",
        "decl": {
          "start": {
            "line": 72,
            "column": 27
          },
          "end": {
            "line": 72,
            "column": 28
          }
        },
        "loc": {
          "start": {
            "line": 72,
            "column": 44
          },
          "end": {
            "line": 78,
            "column": 5
          }
        },
        "line": 72
      }
    },
    "branchMap": {
      "0": {
        "loc": {
          "start": {
            "line": 5,
            "column": 0
          },
          "end": {
            "line": 15,
            "column": 1
          }
        },
        "type": "if",
        "locations": [
          {
            "start": {
              "line": 5,
              "column": 0
            },
            "end": {
              "line": 15,
              "column": 1
            }
          },
          {
            "start": {},
            "end": {}
          }
        ],
        "line": 5
      },
      "1": {
        "loc": {
          "start": {
            "line": 6,
            "column": 2
          },
          "end": {
            "line": 8,
            "column": 3
          }
        },
        "type": "if",
        "locations": [
          {
            "start": {
              "line": 6,
              "column": 2
            },
            "end": {
              "line": 8,
              "column": 3
            }
          },
          {
            "start": {},
            "end": {}
          }
        ],
        "line": 6
      },
      "2": {
        "loc": {
          "start": {
            "line": 50,
            "column": 4
          },
          "end": {
            "line": 54,
            "column": 12
          }
        },
        "type": "binary-expr",
        "locations": [
          {
            "start": {
              "line": 50,
              "column": 4
            },
            "end": {
              "line": 50,
              "column": 9
            }
          },
          {
            "start": {
              "line": 50,
              "column": 29
            },
            "end": {
              "line": 54,
              "column": 12
            }
          }
        ],
        "line": 50
      },
      "3": {
        "loc": {
          "start": {
            "line": 50,
            "column": 81
          },
          "end": {
            "line": 50,
            "column": 111
          }
        },
        "type": "binary-expr",
        "locations": [
          {
            "start": {
              "line": 50,
              "column": 81
            },
            "end": {
              "line": 50,
              "column": 100
            }
          },
          {
            "start": {
              "line": 50,
              "column": 104
            },
            "end": {
              "line": 50,
              "column": 111
            }
          }
        ],
        "line": 50
      },
      "4": {
        "loc": {
          "start": {
            "line": 64,
            "column": 0
          },
          "end": {
            "line": 80,
            "column": 1
          }
        },
        "type": "if",
        "locations": [
          {
            "start": {
              "line": 64,
              "column": 0
            },
            "end": {
              "line": 80,
              "column": 1
            }
          },
          {
            "start": {},
            "end": {}
          }
        ],
        "line": 64
      },
      "5": {
        "loc": {
          "start": {
            "line": 73,
            "column": 6
          },
          "end": {
            "line": 74,
            "column": 15
          }
        },
        "type": "if",
        "locations": [
          {
            "start": {
              "line": 73,
              "column": 6
            },
            "end": {
              "line": 74,
              "column": 15
            }
          },
          {
            "start": {},
            "end": {}
          }
        ],
        "line": 73
      },
      "6": {
        "loc": {
          "start": {
            "line": 76,
            "column": 6
          },
          "end": {
            "line": 77,
            "column": 54
          }
        },
        "type": "if",
        "locations": [
          {
            "start": {
              "line": 76,
              "column": 6
            },
            "end": {
              "line": 77,
              "column": 54
            }
          },
          {
            "start": {},
            "end": {}
          }
        ],
        "line": 76
      }
    },
    "s": {
      "0": 73,
      "1": 73,
      "2": 0,
      "3": 73,
      "4": 73,
      "5": 73,
      "6": 73,
      "7": 73,
      "8": 73,
      "9": 540,
      "10": 540,
      "11": 540,
      "12": 540,
      "13": 73,
      "14": 73,
      "15": 73,
      "16": 73,
      "17": 73,
      "18": 73,
      "19": 70,
      "20": 70,
      "21": 0,
      "22": 0,
      "23": 0,
      "24": 0,
      "25": 0
    },
    "f": {
      "0": 73,
      "1": 540,
      "2": 70,
      "3": 0
    },
    "b": {
      "0": [
        73,
        0
      ],
      "1": [
        0,
        73
      ],
      "2": [
        540,
        68
      ],
      "3": [
        68,
        0
      ],
      "4": [
        73,
        0
      ],
      "5": [
        0,
        0
      ],
      "6": [
        0,
        0
      ]
    },
    "inputSourceMap": {
      "version": 3,
      "mappings": "AAWQ;AAXR,OAAOA,oBAAkB;AAAA;AAAA;AAAA;AAAA;AAAA;AAAA;AAAA;AAAA;AAAA;AAAA;AAAA;AAAA;AAAA;AAGlB,aAAMC,YAAYA,CAACC,UAA2B;AACnD,QAAM;AAAA,IAAEC;AAAAA,IAAIC;AAAAA,IAAaC;AAAAA,IAAUC;AAAAA,EAAO,IAAIJ;AAC9C,QAAMK,QAAQJ,GAAGK,YAAY;AAC7B,QAAMC,QAAQH,OAAOC,KAAK;AAE1B,SACE,uBAAC,cAAS,WAAY,gBAAeA,SACnC;AAAA,2BAAC,WAAM,SAASA,OAAO,WAAY,GAAEA,gBACnC;AAAA,6BAAC,UAAK,WAAU,eAAc,iBAA9B;AAAA;AAAA;AAAA;AAAA,aAA+B;AAAA,MAC9BJ;AAAAA,MAAG;AAAA,SAFN;AAAA;AAAA;AAAA;AAAA,WAGA;AAAA,IACA,uBAAC,WACC,MAAK,QACL,IAAII,OACJ,aACA,WAAY,GAAEA,gBACd,GAAIF,SAASE,OAAO;AAAA,MAClBG,UAAU;AAAA,MACVC,SAAS;AAAA,QACPC,OAAO;AAAA,QACPC,SAAU,2BAA0BN;AAAAA,MACtC;AAAA,IACF,CAAC,KAXH;AAAA;AAAA;AAAA;AAAA,WAWK;AAAA,IAEJE,SAAS,uBAAC,SAAI,WAAU,eAAgB,aAAEA,OAAOI,aAAa,WAArD;AAAA;AAAA;AAAA;AAAA,WAA6D;AAAA,OAlBzE;AAAA;AAAA;AAAA;AAAA,SAmBA;AAEJ;AAAEC,KA3BWb;AAAS;AAAAc",
      "names": [
        "React",
        "TextInput",
        "props",
        "id",
        "placeholder",
        "register",
        "errors",
        "title",
        "toLowerCase",
        "error",
        "required",
        "pattern",
        "value",
        "message",
        "_c",
        "$RefreshReg$"
      ],
      "sources": [
        "C:/evgmin/ROLLINGSCOPES/react2023Q1-tasks/rss-react-2023/my-app/src/components/form/inputs/TextInput.tsx"
      ],
      "file": "C:/evgmin/ROLLINGSCOPES/react2023Q1-tasks/rss-react-2023/my-app/src/components/form/inputs/TextInput.tsx"
    },
    "_coverageSchema": "1a1c01bbd47fc00a2c39e90264f33305004495a9",
    "hash": "2d85a0498db276a9ea323f2212a4b1be052f2c44"
  },
  "C:/evgmin/ROLLINGSCOPES/react2023Q1-tasks/rss-react-2023/my-app/src/components/form/inputs/DateInput.tsx": {
    "path": "C:/evgmin/ROLLINGSCOPES/react2023Q1-tasks/rss-react-2023/my-app/src/components/form/inputs/DateInput.tsx",
    "statementMap": {
      "0": {
        "start": {
          "line": 5,
          "column": 0
        },
        "end": {
          "line": 15,
          "column": 1
        }
      },
      "1": {
        "start": {
          "line": 6,
          "column": 2
        },
        "end": {
          "line": 8,
          "column": 3
        }
      },
      "2": {
        "start": {
          "line": 7,
          "column": 4
        },
        "end": {
          "line": 7,
          "column": 165
        }
      },
      "3": {
        "start": {
          "line": 9,
          "column": 2
        },
        "end": {
          "line": 9,
          "column": 39
        }
      },
      "4": {
        "start": {
          "line": 10,
          "column": 2
        },
        "end": {
          "line": 10,
          "column": 39
        }
      },
      "5": {
        "start": {
          "line": 11,
          "column": 2
        },
        "end": {
          "line": 13,
          "column": 4
        }
      },
      "6": {
        "start": {
          "line": 12,
          "column": 4
        },
        "end": {
          "line": 12,
          "column": 148
        }
      },
      "7": {
        "start": {
          "line": 14,
          "column": 2
        },
        "end": {
          "line": 14,
          "column": 75
        }
      },
      "8": {
        "start": {
          "line": 16,
          "column": 25
        },
        "end": {
          "line": 65,
          "column": 1
        }
      },
      "9": {
        "start": {
          "line": 25,
          "column": 6
        },
        "end": {
          "line": 25,
          "column": 11
        }
      },
      "10": {
        "start": {
          "line": 26,
          "column": 16
        },
        "end": {
          "line": 26,
          "column": 32
        }
      },
      "11": {
        "start": {
          "line": 27,
          "column": 16
        },
        "end": {
          "line": 27,
          "column": 29
        }
      },
      "12": {
        "start": {
          "line": 28,
          "column": 2
        },
        "end": {
          "line": 64,
          "column": 11
        }
      },
      "13": {
        "start": {
          "line": 66,
          "column": 0
        },
        "end": {
          "line": 66,
          "column": 15
        }
      },
      "14": {
        "start": {
          "line": 68,
          "column": 0
        },
        "end": {
          "line": 68,
          "column": 30
        }
      },
      "15": {
        "start": {
          "line": 69,
          "column": 0
        },
        "end": {
          "line": 85,
          "column": 1
        }
      },
      "16": {
        "start": {
          "line": 70,
          "column": 2
        },
        "end": {
          "line": 70,
          "column": 39
        }
      },
      "17": {
        "start": {
          "line": 71,
          "column": 2
        },
        "end": {
          "line": 71,
          "column": 39
        }
      },
      "18": {
        "start": {
          "line": 72,
          "column": 2
        },
        "end": {
          "line": 84,
          "column": 5
        }
      },
      "19": {
        "start": {
          "line": 76,
          "column": 4
        },
        "end": {
          "line": 76,
          "column": 174
        }
      },
      "20": {
        "start": {
          "line": 77,
          "column": 4
        },
        "end": {
          "line": 83,
          "column": 7
        }
      },
      "21": {
        "start": {
          "line": 78,
          "column": 6
        },
        "end": {
          "line": 79,
          "column": 15
        }
      },
      "22": {
        "start": {
          "line": 79,
          "column": 8
        },
        "end": {
          "line": 79,
          "column": 15
        }
      },
      "23": {
        "start": {
          "line": 80,
          "column": 32
        },
        "end": {
          "line": 80,
          "column": 115
        }
      },
      "24": {
        "start": {
          "line": 81,
          "column": 6
        },
        "end": {
          "line": 82,
          "column": 54
        }
      },
      "25": {
        "start": {
          "line": 82,
          "column": 8
        },
        "end": {
          "line": 82,
          "column": 54
        }
      }
    },
    "fnMap": {
      "0": {
        "name": "(anonymous_0)",
        "decl": {
          "start": {
            "line": 11,
            "column": 24
          },
          "end": {
            "line": 11,
            "column": 25
          }
        },
        "loc": {
          "start": {
            "line": 11,
            "column": 38
          },
          "end": {
            "line": 13,
            "column": 3
          }
        },
        "line": 11
      },
      "1": {
        "name": "(anonymous_1)",
        "decl": {
          "start": {
            "line": 16,
            "column": 25
          },
          "end": {
            "line": 16,
            "column": 26
          }
        },
        "loc": {
          "start": {
            "line": 16,
            "column": 36
          },
          "end": {
            "line": 65,
            "column": 1
          }
        },
        "line": 16
      },
      "2": {
        "name": "(anonymous_2)",
        "decl": {
          "start": {
            "line": 75,
            "column": 9
          },
          "end": {
            "line": 75,
            "column": 10
          }
        },
        "loc": {
          "start": {
            "line": 75,
            "column": 29
          },
          "end": {
            "line": 84,
            "column": 3
          }
        },
        "line": 75
      },
      "3": {
        "name": "(anonymous_3)",
        "decl": {
          "start": {
            "line": 77,
            "column": 27
          },
          "end": {
            "line": 77,
            "column": 28
          }
        },
        "loc": {
          "start": {
            "line": 77,
            "column": 44
          },
          "end": {
            "line": 83,
            "column": 5
          }
        },
        "line": 77
      }
    },
    "branchMap": {
      "0": {
        "loc": {
          "start": {
            "line": 5,
            "column": 0
          },
          "end": {
            "line": 15,
            "column": 1
          }
        },
        "type": "if",
        "locations": [
          {
            "start": {
              "line": 5,
              "column": 0
            },
            "end": {
              "line": 15,
              "column": 1
            }
          },
          {
            "start": {},
            "end": {}
          }
        ],
        "line": 5
      },
      "1": {
        "loc": {
          "start": {
            "line": 6,
            "column": 2
          },
          "end": {
            "line": 8,
            "column": 3
          }
        },
        "type": "if",
        "locations": [
          {
            "start": {
              "line": 6,
              "column": 2
            },
            "end": {
              "line": 8,
              "column": 3
            }
          },
          {
            "start": {},
            "end": {}
          }
        ],
        "line": 6
      },
      "2": {
        "loc": {
          "start": {
            "line": 50,
            "column": 4
          },
          "end": {
            "line": 54,
            "column": 12
          }
        },
        "type": "binary-expr",
        "locations": [
          {
            "start": {
              "line": 50,
              "column": 4
            },
            "end": {
              "line": 50,
              "column": 9
            }
          },
          {
            "start": {
              "line": 50,
              "column": 13
            },
            "end": {
              "line": 50,
              "column": 38
            }
          },
          {
            "start": {
              "line": 50,
              "column": 58
            },
            "end": {
              "line": 54,
              "column": 12
            }
          }
        ],
        "line": 50
      },
      "3": {
        "loc": {
          "start": {
            "line": 55,
            "column": 4
          },
          "end": {
            "line": 59,
            "column": 12
          }
        },
        "type": "binary-expr",
        "locations": [
          {
            "start": {
              "line": 55,
              "column": 4
            },
            "end": {
              "line": 55,
              "column": 9
            }
          },
          {
            "start": {
              "line": 55,
              "column": 13
            },
            "end": {
              "line": 55,
              "column": 38
            }
          },
          {
            "start": {
              "line": 55,
              "column": 58
            },
            "end": {
              "line": 59,
              "column": 12
            }
          }
        ],
        "line": 55
      },
      "4": {
        "loc": {
          "start": {
            "line": 55,
            "column": 110
          },
          "end": {
            "line": 55,
            "column": 140
          }
        },
        "type": "binary-expr",
        "locations": [
          {
            "start": {
              "line": 55,
              "column": 110
            },
            "end": {
              "line": 55,
              "column": 129
            }
          },
          {
            "start": {
              "line": 55,
              "column": 133
            },
            "end": {
              "line": 55,
              "column": 140
            }
          }
        ],
        "line": 55
      },
      "5": {
        "loc": {
          "start": {
            "line": 69,
            "column": 0
          },
          "end": {
            "line": 85,
            "column": 1
          }
        },
        "type": "if",
        "locations": [
          {
            "start": {
              "line": 69,
              "column": 0
            },
            "end": {
              "line": 85,
              "column": 1
            }
          },
          {
            "start": {},
            "end": {}
          }
        ],
        "line": 69
      },
      "6": {
        "loc": {
          "start": {
            "line": 78,
            "column": 6
          },
          "end": {
            "line": 79,
            "column": 15
          }
        },
        "type": "if",
        "locations": [
          {
            "start": {
              "line": 78,
              "column": 6
            },
            "end": {
              "line": 79,
              "column": 15
            }
          },
          {
            "start": {},
            "end": {}
          }
        ],
        "line": 78
      },
      "7": {
        "loc": {
          "start": {
            "line": 81,
            "column": 6
          },
          "end": {
            "line": 82,
            "column": 54
          }
        },
        "type": "if",
        "locations": [
          {
            "start": {
              "line": 81,
              "column": 6
            },
            "end": {
              "line": 82,
              "column": 54
            }
          },
          {
            "start": {},
            "end": {}
          }
        ],
        "line": 81
      }
    },
    "s": {
      "0": 73,
      "1": 73,
      "2": 0,
      "3": 73,
      "4": 73,
      "5": 73,
      "6": 73,
      "7": 73,
      "8": 73,
      "9": 270,
      "10": 270,
      "11": 270,
      "12": 270,
      "13": 73,
      "14": 73,
      "15": 73,
      "16": 73,
      "17": 73,
      "18": 73,
      "19": 70,
      "20": 70,
      "21": 0,
      "22": 0,
      "23": 0,
      "24": 0,
      "25": 0
    },
    "f": {
      "0": 73,
      "1": 270,
      "2": 70,
      "3": 0
    },
    "b": {
      "0": [
        73,
        0
      ],
      "1": [
        0,
        73
      ],
      "2": [
        270,
        0,
        0
      ],
      "3": [
        270,
        0,
        0
      ],
      "4": [
        0,
        0
      ],
      "5": [
        73,
        0
      ],
      "6": [
        0,
        0
      ],
      "7": [
        0,
        0
      ]
    },
    "inputSourceMap": {
      "version": 3,
      "mappings": "AAgBQ;AAhBR,OAAOA,oBAAkB;AAAA;AAAA;AAAA;AAAA;AAAA;AAAA;AAAA;AAAA;AAAA;AAAA;AAAA;AAAA;AAAA;AAGlB,aAAMC,YAAYA,CAACC,UAA2B;AACnD,QAAM;AAAA,IACJC;AAAAA,IACAC,UAAU;AAAA,MAAEC;AAAAA,MAAUC;AAAAA,IAAQ;AAAA,IAC9BC;AAAAA,IACAC;AAAAA,EACF,IAAIN;AACJ,QAAMO,QAAQN,GAAGO,YAAY;AAC7B,QAAMC,QAAQH,OAAOC,KAAK;AAE1B,SACE,uBAAC,cAAS,WAAY,gBAAeA,SACnC;AAAA,2BAAC,WAAM,SAASA,OAAO,WAAY,GAAEA,gBACnC;AAAA,6BAAC,UAAK,WAAU,eAAc,iBAA9B;AAAA;AAAA;AAAA;AAAA,aAA+B;AAAA,MAC9BN;AAAAA,MAAG;AAAA,SAFN;AAAA;AAAA;AAAA;AAAA,WAGA;AAAA,IACA,uBAAC,WACC,MAAK,QACL,IAAIM,OACJ,WAAY,GAAEA,gBACd,GAAIF,SAASE,OAAO;AAAA,MAClBG,UAAU;AAAA,MACVR,UAAUC;AAAAA,IACZ,CAAC,KAPH;AAAA;AAAA;AAAA;AAAA,WAOK;AAAA,IAEJM,SAASA,MAAME,SAAS,cAAc,uBAAC,SAAI,WAAU,eAAeP,qBAA9B;AAAA;AAAA;AAAA;AAAA,WAAsC;AAAA,IAC5EK,SAASA,MAAME,SAAS,cACvB,uBAAC,SAAI,WAAU,eAAgB,aAAEF,OAAOL,aAAa,WAArD;AAAA;AAAA;AAAA;AAAA,WAA6D;AAAA,OAhBjE;AAAA;AAAA;AAAA;AAAA,SAkBA;AAEJ;AAAEQ,KA/BWb;AAAS;AAAAc",
      "names": [
        "React",
        "DateInput",
        "props",
        "id",
        "validate",
        "checking",
        "message",
        "register",
        "errors",
        "title",
        "toLowerCase",
        "error",
        "required",
        "type",
        "_c",
        "$RefreshReg$"
      ],
      "sources": [
        "C:/evgmin/ROLLINGSCOPES/react2023Q1-tasks/rss-react-2023/my-app/src/components/form/inputs/DateInput.tsx"
      ],
      "file": "C:/evgmin/ROLLINGSCOPES/react2023Q1-tasks/rss-react-2023/my-app/src/components/form/inputs/DateInput.tsx"
    },
    "_coverageSchema": "1a1c01bbd47fc00a2c39e90264f33305004495a9",
    "hash": "60db4a7c79e53d427998f6728c15f2d643f8cce4"
  },
  "C:/evgmin/ROLLINGSCOPES/react2023Q1-tasks/rss-react-2023/my-app/src/components/form/inputs/RadioInput.tsx": {
    "path": "C:/evgmin/ROLLINGSCOPES/react2023Q1-tasks/rss-react-2023/my-app/src/components/form/inputs/RadioInput.tsx",
    "statementMap": {
      "0": {
        "start": {
          "line": 5,
          "column": 0
        },
        "end": {
          "line": 15,
          "column": 1
        }
      },
      "1": {
        "start": {
          "line": 6,
          "column": 2
        },
        "end": {
          "line": 8,
          "column": 3
        }
      },
      "2": {
        "start": {
          "line": 7,
          "column": 4
        },
        "end": {
          "line": 7,
          "column": 165
        }
      },
      "3": {
        "start": {
          "line": 9,
          "column": 2
        },
        "end": {
          "line": 9,
          "column": 39
        }
      },
      "4": {
        "start": {
          "line": 10,
          "column": 2
        },
        "end": {
          "line": 10,
          "column": 39
        }
      },
      "5": {
        "start": {
          "line": 11,
          "column": 2
        },
        "end": {
          "line": 13,
          "column": 4
        }
      },
      "6": {
        "start": {
          "line": 12,
          "column": 4
        },
        "end": {
          "line": 12,
          "column": 149
        }
      },
      "7": {
        "start": {
          "line": 14,
          "column": 2
        },
        "end": {
          "line": 14,
          "column": 75
        }
      },
      "8": {
        "start": {
          "line": 16,
          "column": 26
        },
        "end": {
          "line": 42,
          "column": 1
        }
      },
      "9": {
        "start": {
          "line": 21,
          "column": 6
        },
        "end": {
          "line": 21,
          "column": 11
        }
      },
      "10": {
        "start": {
          "line": 22,
          "column": 20
        },
        "end": {
          "line": 22,
          "column": 43
        }
      },
      "11": {
        "start": {
          "line": 23,
          "column": 18
        },
        "end": {
          "line": 23,
          "column": 34
        }
      },
      "12": {
        "start": {
          "line": 24,
          "column": 2
        },
        "end": {
          "line": 41,
          "column": 11
        }
      },
      "13": {
        "start": {
          "line": 43,
          "column": 0
        },
        "end": {
          "line": 43,
          "column": 16
        }
      },
      "14": {
        "start": {
          "line": 45,
          "column": 0
        },
        "end": {
          "line": 45,
          "column": 31
        }
      },
      "15": {
        "start": {
          "line": 46,
          "column": 0
        },
        "end": {
          "line": 62,
          "column": 1
        }
      },
      "16": {
        "start": {
          "line": 47,
          "column": 2
        },
        "end": {
          "line": 47,
          "column": 39
        }
      },
      "17": {
        "start": {
          "line": 48,
          "column": 2
        },
        "end": {
          "line": 48,
          "column": 39
        }
      },
      "18": {
        "start": {
          "line": 49,
          "column": 2
        },
        "end": {
          "line": 61,
          "column": 5
        }
      },
      "19": {
        "start": {
          "line": 53,
          "column": 4
        },
        "end": {
          "line": 53,
          "column": 175
        }
      },
      "20": {
        "start": {
          "line": 54,
          "column": 4
        },
        "end": {
          "line": 60,
          "column": 7
        }
      },
      "21": {
        "start": {
          "line": 55,
          "column": 6
        },
        "end": {
          "line": 56,
          "column": 15
        }
      },
      "22": {
        "start": {
          "line": 56,
          "column": 8
        },
        "end": {
          "line": 56,
          "column": 15
        }
      },
      "23": {
        "start": {
          "line": 57,
          "column": 32
        },
        "end": {
          "line": 57,
          "column": 115
        }
      },
      "24": {
        "start": {
          "line": 58,
          "column": 6
        },
        "end": {
          "line": 59,
          "column": 54
        }
      },
      "25": {
        "start": {
          "line": 59,
          "column": 8
        },
        "end": {
          "line": 59,
          "column": 54
        }
      }
    },
    "fnMap": {
      "0": {
        "name": "(anonymous_0)",
        "decl": {
          "start": {
            "line": 11,
            "column": 24
          },
          "end": {
            "line": 11,
            "column": 25
          }
        },
        "loc": {
          "start": {
            "line": 11,
            "column": 38
          },
          "end": {
            "line": 13,
            "column": 3
          }
        },
        "line": 11
      },
      "1": {
        "name": "(anonymous_1)",
        "decl": {
          "start": {
            "line": 16,
            "column": 26
          },
          "end": {
            "line": 16,
            "column": 27
          }
        },
        "loc": {
          "start": {
            "line": 16,
            "column": 37
          },
          "end": {
            "line": 42,
            "column": 1
          }
        },
        "line": 16
      },
      "2": {
        "name": "(anonymous_2)",
        "decl": {
          "start": {
            "line": 52,
            "column": 9
          },
          "end": {
            "line": 52,
            "column": 10
          }
        },
        "loc": {
          "start": {
            "line": 52,
            "column": 29
          },
          "end": {
            "line": 61,
            "column": 3
          }
        },
        "line": 52
      },
      "3": {
        "name": "(anonymous_3)",
        "decl": {
          "start": {
            "line": 54,
            "column": 27
          },
          "end": {
            "line": 54,
            "column": 28
          }
        },
        "loc": {
          "start": {
            "line": 54,
            "column": 44
          },
          "end": {
            "line": 60,
            "column": 5
          }
        },
        "line": 54
      }
    },
    "branchMap": {
      "0": {
        "loc": {
          "start": {
            "line": 5,
            "column": 0
          },
          "end": {
            "line": 15,
            "column": 1
          }
        },
        "type": "if",
        "locations": [
          {
            "start": {
              "line": 5,
              "column": 0
            },
            "end": {
              "line": 15,
              "column": 1
            }
          },
          {
            "start": {},
            "end": {}
          }
        ],
        "line": 5
      },
      "1": {
        "loc": {
          "start": {
            "line": 6,
            "column": 2
          },
          "end": {
            "line": 8,
            "column": 3
          }
        },
        "type": "if",
        "locations": [
          {
            "start": {
              "line": 6,
              "column": 2
            },
            "end": {
              "line": 8,
              "column": 3
            }
          },
          {
            "start": {},
            "end": {}
          }
        ],
        "line": 6
      },
      "2": {
        "loc": {
          "start": {
            "line": 46,
            "column": 0
          },
          "end": {
            "line": 62,
            "column": 1
          }
        },
        "type": "if",
        "locations": [
          {
            "start": {
              "line": 46,
              "column": 0
            },
            "end": {
              "line": 62,
              "column": 1
            }
          },
          {
            "start": {},
            "end": {}
          }
        ],
        "line": 46
      },
      "3": {
        "loc": {
          "start": {
            "line": 55,
            "column": 6
          },
          "end": {
            "line": 56,
            "column": 15
          }
        },
        "type": "if",
        "locations": [
          {
            "start": {
              "line": 55,
              "column": 6
            },
            "end": {
              "line": 56,
              "column": 15
            }
          },
          {
            "start": {},
            "end": {}
          }
        ],
        "line": 55
      },
      "4": {
        "loc": {
          "start": {
            "line": 58,
            "column": 6
          },
          "end": {
            "line": 59,
            "column": 54
          }
        },
        "type": "if",
        "locations": [
          {
            "start": {
              "line": 58,
              "column": 6
            },
            "end": {
              "line": 59,
              "column": 54
            }
          },
          {
            "start": {},
            "end": {}
          }
        ],
        "line": 58
      }
    },
    "s": {
      "0": 73,
      "1": 73,
      "2": 0,
      "3": 73,
      "4": 73,
      "5": 73,
      "6": 73,
      "7": 73,
      "8": 73,
      "9": 540,
      "10": 540,
      "11": 540,
      "12": 540,
      "13": 73,
      "14": 73,
      "15": 73,
      "16": 73,
      "17": 73,
      "18": 73,
      "19": 70,
      "20": 70,
      "21": 0,
      "22": 0,
      "23": 0,
      "24": 0,
      "25": 0
    },
    "f": {
      "0": 73,
      "1": 540,
      "2": 70,
      "3": 0
    },
    "b": {
      "0": [
        73,
        0
      ],
      "1": [
        0,
        73
      ],
      "2": [
        73,
        0
      ],
      "3": [
        0,
        0
      ],
      "4": [
        0,
        0
      ]
    },
    "inputSourceMap": {
      "version": 3,
      "mappings": "AASI,mBACE,cADF;AATJ,OAAOA,oBAAkB;AAAA;AAAA;AAAA;AAAA;AAAA;AAAA;AAAA;AAAA;AAAA;AAAA;AAAA;AAAA;AAAA;AAGlB,aAAMC,aAAaA,CAACC,UAA4B;AACrD,QAAM;AAAA,IAAEC;AAAAA,IAAIC;AAAAA,IAAWC;AAAAA,EAAS,IAAIH;AACpC,QAAMI,YAAYF,UAAUG,YAAY;AACxC,QAAMC,UAAUL,GAAGI,YAAY;AAE/B,SACE,mCACE;AAAA,2BAAC,WACC,MAAK,SACL,IAAIC,SACJ,WAAY,GAAEF,oBACd,OAAOE,SACP,GAAIH,SAASC,WAAW;AAAA,MACtBG,UAAU;AAAA,IACZ,CAAC,KAPH;AAAA;AAAA;AAAA;AAAA,WAOK;AAAA,IAEL,uBAAC,WAAM,SAASD,SAAS,WAAY,GAAEF,oBACpCE,qBADH;AAAA;AAAA;AAAA;AAAA,WAEA;AAAA,OAZF;AAAA;AAAA;AAAA;AAAA,SAaA;AAEJ;AAAEE,KArBWT;AAAU;AAAAU",
      "names": [
        "React",
        "RadioInput",
        "props",
        "id",
        "nameField",
        "register",
        "inputName",
        "toLowerCase",
        "inputId",
        "required",
        "_c",
        "$RefreshReg$"
      ],
      "sources": [
        "C:/evgmin/ROLLINGSCOPES/react2023Q1-tasks/rss-react-2023/my-app/src/components/form/inputs/RadioInput.tsx"
      ],
      "file": "C:/evgmin/ROLLINGSCOPES/react2023Q1-tasks/rss-react-2023/my-app/src/components/form/inputs/RadioInput.tsx"
    },
    "_coverageSchema": "1a1c01bbd47fc00a2c39e90264f33305004495a9",
    "hash": "c6385da8f7085cf9af7a6f105cec17fe1afd2bd7"
  },
  "C:/evgmin/ROLLINGSCOPES/react2023Q1-tasks/rss-react-2023/my-app/src/components/form/inputs/SelectElem.tsx": {
    "path": "C:/evgmin/ROLLINGSCOPES/react2023Q1-tasks/rss-react-2023/my-app/src/components/form/inputs/SelectElem.tsx",
    "statementMap": {
      "0": {
        "start": {
          "line": 5,
          "column": 0
        },
        "end": {
          "line": 15,
          "column": 1
        }
      },
      "1": {
        "start": {
          "line": 6,
          "column": 2
        },
        "end": {
          "line": 8,
          "column": 3
        }
      },
      "2": {
        "start": {
          "line": 7,
          "column": 4
        },
        "end": {
          "line": 7,
          "column": 165
        }
      },
      "3": {
        "start": {
          "line": 9,
          "column": 2
        },
        "end": {
          "line": 9,
          "column": 39
        }
      },
      "4": {
        "start": {
          "line": 10,
          "column": 2
        },
        "end": {
          "line": 10,
          "column": 39
        }
      },
      "5": {
        "start": {
          "line": 11,
          "column": 2
        },
        "end": {
          "line": 13,
          "column": 4
        }
      },
      "6": {
        "start": {
          "line": 12,
          "column": 4
        },
        "end": {
          "line": 12,
          "column": 149
        }
      },
      "7": {
        "start": {
          "line": 14,
          "column": 2
        },
        "end": {
          "line": 14,
          "column": 75
        }
      },
      "8": {
        "start": {
          "line": 16,
          "column": 26
        },
        "end": {
          "line": 64,
          "column": 1
        }
      },
      "9": {
        "start": {
          "line": 24,
          "column": 6
        },
        "end": {
          "line": 24,
          "column": 11
        }
      },
      "10": {
        "start": {
          "line": 25,
          "column": 2
        },
        "end": {
          "line": 63,
          "column": 11
        }
      },
      "11": {
        "start": {
          "line": 65,
          "column": 0
        },
        "end": {
          "line": 65,
          "column": 16
        }
      },
      "12": {
        "start": {
          "line": 67,
          "column": 0
        },
        "end": {
          "line": 67,
          "column": 31
        }
      },
      "13": {
        "start": {
          "line": 68,
          "column": 0
        },
        "end": {
          "line": 84,
          "column": 1
        }
      },
      "14": {
        "start": {
          "line": 69,
          "column": 2
        },
        "end": {
          "line": 69,
          "column": 39
        }
      },
      "15": {
        "start": {
          "line": 70,
          "column": 2
        },
        "end": {
          "line": 70,
          "column": 39
        }
      },
      "16": {
        "start": {
          "line": 71,
          "column": 2
        },
        "end": {
          "line": 83,
          "column": 5
        }
      },
      "17": {
        "start": {
          "line": 75,
          "column": 4
        },
        "end": {
          "line": 75,
          "column": 175
        }
      },
      "18": {
        "start": {
          "line": 76,
          "column": 4
        },
        "end": {
          "line": 82,
          "column": 7
        }
      },
      "19": {
        "start": {
          "line": 77,
          "column": 6
        },
        "end": {
          "line": 78,
          "column": 15
        }
      },
      "20": {
        "start": {
          "line": 78,
          "column": 8
        },
        "end": {
          "line": 78,
          "column": 15
        }
      },
      "21": {
        "start": {
          "line": 79,
          "column": 32
        },
        "end": {
          "line": 79,
          "column": 115
        }
      },
      "22": {
        "start": {
          "line": 80,
          "column": 6
        },
        "end": {
          "line": 81,
          "column": 54
        }
      },
      "23": {
        "start": {
          "line": 81,
          "column": 8
        },
        "end": {
          "line": 81,
          "column": 54
        }
      }
    },
    "fnMap": {
      "0": {
        "name": "(anonymous_0)",
        "decl": {
          "start": {
            "line": 11,
            "column": 24
          },
          "end": {
            "line": 11,
            "column": 25
          }
        },
        "loc": {
          "start": {
            "line": 11,
            "column": 38
          },
          "end": {
            "line": 13,
            "column": 3
          }
        },
        "line": 11
      },
      "1": {
        "name": "(anonymous_1)",
        "decl": {
          "start": {
            "line": 16,
            "column": 26
          },
          "end": {
            "line": 16,
            "column": 27
          }
        },
        "loc": {
          "start": {
            "line": 16,
            "column": 37
          },
          "end": {
            "line": 64,
            "column": 1
          }
        },
        "line": 16
      },
      "2": {
        "name": "(anonymous_2)",
        "decl": {
          "start": {
            "line": 74,
            "column": 9
          },
          "end": {
            "line": 74,
            "column": 10
          }
        },
        "loc": {
          "start": {
            "line": 74,
            "column": 29
          },
          "end": {
            "line": 83,
            "column": 3
          }
        },
        "line": 74
      },
      "3": {
        "name": "(anonymous_3)",
        "decl": {
          "start": {
            "line": 76,
            "column": 27
          },
          "end": {
            "line": 76,
            "column": 28
          }
        },
        "loc": {
          "start": {
            "line": 76,
            "column": 44
          },
          "end": {
            "line": 82,
            "column": 5
          }
        },
        "line": 76
      }
    },
    "branchMap": {
      "0": {
        "loc": {
          "start": {
            "line": 5,
            "column": 0
          },
          "end": {
            "line": 15,
            "column": 1
          }
        },
        "type": "if",
        "locations": [
          {
            "start": {
              "line": 5,
              "column": 0
            },
            "end": {
              "line": 15,
              "column": 1
            }
          },
          {
            "start": {},
            "end": {}
          }
        ],
        "line": 5
      },
      "1": {
        "loc": {
          "start": {
            "line": 6,
            "column": 2
          },
          "end": {
            "line": 8,
            "column": 3
          }
        },
        "type": "if",
        "locations": [
          {
            "start": {
              "line": 6,
              "column": 2
            },
            "end": {
              "line": 8,
              "column": 3
            }
          },
          {
            "start": {},
            "end": {}
          }
        ],
        "line": 6
      },
      "2": {
        "loc": {
          "start": {
            "line": 38,
            "column": 4
          },
          "end": {
            "line": 50,
            "column": 12
          }
        },
        "type": "cond-expr",
        "locations": [
          {
            "start": {
              "line": 38,
              "column": 33
            },
            "end": {
              "line": 44,
              "column": 12
            }
          },
          {
            "start": {
              "line": 44,
              "column": 31
            },
            "end": {
              "line": 50,
              "column": 12
            }
          }
        ],
        "line": 38
      },
      "3": {
        "loc": {
          "start": {
            "line": 51,
            "column": 4
          },
          "end": {
            "line": 58,
            "column": 12
          }
        },
        "type": "binary-expr",
        "locations": [
          {
            "start": {
              "line": 51,
              "column": 4
            },
            "end": {
              "line": 51,
              "column": 14
            }
          },
          {
            "start": {
              "line": 51,
              "column": 34
            },
            "end": {
              "line": 58,
              "column": 12
            }
          }
        ],
        "line": 51
      },
      "4": {
        "loc": {
          "start": {
            "line": 68,
            "column": 0
          },
          "end": {
            "line": 84,
            "column": 1
          }
        },
        "type": "if",
        "locations": [
          {
            "start": {
              "line": 68,
              "column": 0
            },
            "end": {
              "line": 84,
              "column": 1
            }
          },
          {
            "start": {},
            "end": {}
          }
        ],
        "line": 68
      },
      "5": {
        "loc": {
          "start": {
            "line": 77,
            "column": 6
          },
          "end": {
            "line": 78,
            "column": 15
          }
        },
        "type": "if",
        "locations": [
          {
            "start": {
              "line": 77,
              "column": 6
            },
            "end": {
              "line": 78,
              "column": 15
            }
          },
          {
            "start": {},
            "end": {}
          }
        ],
[...]
            "column": 3
          }
        },
        "type": "if",
        "locations": [
          {
            "start": {
              "line": 6,
              "column": 2
            },
            "end": {
              "line": 8,
              "column": 3
            }
          },
          {
            "start": {},
            "end": {}
          }
        ],
        "line": 6
      },
      "2": {
        "loc": {
          "start": {
            "line": 54,
            "column": 0
          },
          "end": {
            "line": 70,
            "column": 1
          }
        },
        "type": "if",
        "locations": [
          {
            "start": {
              "line": 54,
              "column": 0
            },
            "end": {
              "line": 70,
              "column": 1
            }
          },
          {
            "start": {},
            "end": {}
          }
        ],
        "line": 54
      },
      "3": {
        "loc": {
          "start": {
            "line": 63,
            "column": 6
          },
          "end": {
            "line": 64,
            "column": 15
          }
        },
        "type": "if",
        "locations": [
          {
            "start": {
              "line": 63,
              "column": 6
            },
            "end": {
              "line": 64,
              "column": 15
            }
          },
          {
            "start": {},
            "end": {}
          }
        ],
        "line": 63
      },
      "4": {
        "loc": {
          "start": {
            "line": 66,
            "column": 6
          },
          "end": {
            "line": 67,
            "column": 54
          }
        },
        "type": "if",
        "locations": [
          {
            "start": {
              "line": 66,
              "column": 6
            },
            "end": {
              "line": 67,
              "column": 54
            }
          },
          {
            "start": {},
            "end": {}
          }
        ],
        "line": 66
      }
    },
    "s": {
      "0": 73,
      "1": 73,
      "2": 0,
      "3": 73,
      "4": 73,
      "5": 73,
      "6": 73,
      "7": 73,
      "8": 296,
      "9": 73,
      "10": 73,
      "11": 73,
      "12": 73,
      "13": 73,
      "14": 73,
      "15": 70,
      "16": 70,
      "17": 0,
      "18": 0,
      "19": 0,
      "20": 0,
      "21": 0
    },
    "f": {
      "0": 73,
      "1": 296,
      "2": 70,
      "3": 0
    },
    "b": {
      "0": [
        73,
        0
      ],
      "1": [
        0,
        73
      ],
      "2": [
        73,
        0
      ],
      "3": [
        0,
        0
      ],
      "4": [
        0,
        0
      ]
    },
    "inputSourceMap": {
      "version": 3,
      "mappings": "AAOU;AAPV,OAAOA,oBAAkB;AAAA;AAAA;AAAA;AAAA;AAAA;AAAA;AAAA;AAAA;AAAA;AAAA;AAAA;AAAA;AAAA;AAElB,gBAASC,SAAsB;AACpC,SACE,uBAAC,YAAO,WAAU,UAAS,eAAY,UACrC,iCAAC,SAAI,WAAU,iBACb;AAAA,2BAAC,OAAE,MAAK,gCAA+B,WAAU,0BAC/C,iCAAC,SAAI,WAAU,iBAAf;AAAA;AAAA;AAAA;AAAA,WAA6B,KAD/B;AAAA;AAAA;AAAA;AAAA,WAEA;AAAA,IACA,uBAAC,SAAI,WAAU,4BAA2B,oBAA1C;AAAA;AAAA;AAAA;AAAA,WAA8C;AAAA,IAC9C,uBAAC,OAAE,MAAK,4BAA2B,WAAU,+BAC3C,iCAAC,SAAI,WAAU,sBAAf;AAAA;AAAA;AAAA;AAAA,WAAkC,KADpC;AAAA;AAAA;AAAA;AAAA,WAEA;AAAA,OAPF;AAAA;AAAA;AAAA;AAAA,SAQA,KATF;AAAA;AAAA;AAAA;AAAA,SAUA;AAEJ;AAACC,KAdeD;AAAM;AAAAE",
      "names": [
        "React",
        "Footer",
        "_c",
        "$RefreshReg$"
      ],
      "sources": [
        "C:/evgmin/ROLLINGSCOPES/react2023Q1-tasks/rss-react-2023/my-app/src/components/app/Footer.tsx"
      ],
      "file": "C:/evgmin/ROLLINGSCOPES/react2023Q1-tasks/rss-react-2023/my-app/src/components/app/Footer.tsx"
    },
    "_coverageSchema": "1a1c01bbd47fc00a2c39e90264f33305004495a9",
    "hash": "610b16e41a71be95be03e02e5a26d4cab284fe39"
  },
  "C:/evgmin/ROLLINGSCOPES/react2023Q1-tasks/rss-react-2023/my-app/src/components/app/App.tsx": {
    "path": "C:/evgmin/ROLLINGSCOPES/react2023Q1-tasks/rss-react-2023/my-app/src/components/app/App.tsx",
    "statementMap": {
      "0": {
        "start": {
          "line": 5,
          "column": 0
        },
        "end": {
          "line": 15,
          "column": 1
        }
      },
      "1": {
        "start": {
          "line": 6,
          "column": 2
        },
        "end": {
          "line": 8,
          "column": 3
        }
      },
      "2": {
        "start": {
          "line": 7,
          "column": 4
        },
        "end": {
          "line": 7,
          "column": 165
        }
      },
      "3": {
        "start": {
          "line": 9,
          "column": 2
        },
        "end": {
          "line": 9,
          "column": 39
        }
      },
      "4": {
        "start": {
          "line": 10,
          "column": 2
        },
        "end": {
          "line": 10,
          "column": 39
        }
      },
      "5": {
        "start": {
          "line": 11,
          "column": 2
        },
        "end": {
          "line": 13,
          "column": 4
        }
      },
      "6": {
        "start": {
          "line": 12,
          "column": 4
        },
        "end": {
          "line": 12,
          "column": 134
        }
      },
      "7": {
        "start": {
          "line": 14,
          "column": 2
        },
        "end": {
          "line": 14,
          "column": 75
        }
      },
      "8": {
        "start": {
          "line": 16,
          "column": 9
        },
        "end": {
          "line": 16,
          "column": 23
        }
      },
      "9": {
        "start": {
          "line": 24,
          "column": 2
        },
        "end": {
          "line": 24,
          "column": 7
        }
      },
      "10": {
        "start": {
          "line": 25,
          "column": 40
        },
        "end": {
          "line": 25,
          "column": 60
        }
      },
      "11": {
        "start": {
          "line": 27,
          "column": 4
        },
        "end": {
          "line": 27,
          "column": 25
        }
      },
      "12": {
        "start": {
          "line": 29,
          "column": 2
        },
        "end": {
          "line": 90,
          "column": 11
        }
      },
      "13": {
        "start": {
          "line": 92,
          "column": 0
        },
        "end": {
          "line": 92,
          "column": 40
        }
      },
      "14": {
        "start": {
          "line": 93,
          "column": 0
        },
        "end": {
          "line": 93,
          "column": 9
        }
      },
      "15": {
        "start": {
          "line": 95,
          "column": 0
        },
        "end": {
          "line": 95,
          "column": 24
        }
      },
      "16": {
        "start": {
          "line": 96,
          "column": 0
        },
        "end": {
          "line": 112,
          "column": 1
        }
      },
      "17": {
        "start": {
          "line": 97,
          "column": 2
        },
        "end": {
          "line": 97,
          "column": 39
        }
      },
      "18": {
        "start": {
          "line": 98,
          "column": 2
        },
        "end": {
          "line": 98,
          "column": 39
        }
      },
      "19": {
        "start": {
          "line": 99,
          "column": 2
        },
        "end": {
          "line": 111,
          "column": 5
        }
      },
      "20": {
        "start": {
          "line": 103,
          "column": 4
        },
        "end": {
          "line": 103,
          "column": 160
        }
      },
      "21": {
        "start": {
          "line": 104,
          "column": 4
        },
        "end": {
          "line": 110,
          "column": 7
        }
      },
      "22": {
        "start": {
          "line": 105,
          "column": 6
        },
        "end": {
          "line": 106,
          "column": 15
        }
      },
      "23": {
        "start": {
          "line": 106,
          "column": 8
        },
        "end": {
          "line": 106,
          "column": 15
        }
      },
      "24": {
        "start": {
          "line": 107,
          "column": 32
        },
        "end": {
          "line": 107,
          "column": 115
        }
      },
      "25": {
        "start": {
          "line": 108,
          "column": 6
        },
        "end": {
          "line": 109,
          "column": 54
        }
      },
      "26": {
        "start": {
          "line": 109,
          "column": 8
        },
        "end": {
          "line": 109,
          "column": 54
        }
      }
    },
    "fnMap": {
      "0": {
        "name": "(anonymous_0)",
        "decl": {
          "start": {
            "line": 11,
            "column": 24
          },
          "end": {
            "line": 11,
            "column": 25
          }
        },
        "loc": {
          "start": {
            "line": 11,
            "column": 38
          },
          "end": {
            "line": 13,
            "column": 3
          }
        },
        "line": 11
      },
      "1": {
        "name": "App",
        "decl": {
          "start": {
            "line": 23,
            "column": 16
          },
          "end": {
            "line": 23,
            "column": 19
          }
        },
        "loc": {
          "start": {
            "line": 23,
            "column": 22
          },
          "end": {
            "line": 91,
            "column": 1
          }
        },
        "line": 23
      },
      "2": {
        "name": "handleOpenPage",
        "decl": {
          "start": {
            "line": 26,
            "column": 11
          },
          "end": {
            "line": 26,
            "column": 25
          }
        },
        "loc": {
          "start": {
            "line": 26,
            "column": 32
          },
          "end": {
            "line": 28,
            "column": 3
          }
        },
        "line": 26
      },
      "3": {
        "name": "(anonymous_3)",
        "decl": {
          "start": {
            "line": 102,
            "column": 9
          },
          "end": {
            "line": 102,
            "column": 10
          }
        },
        "loc": {
          "start": {
            "line": 102,
            "column": 29
          },
          "end": {
            "line": 111,
            "column": 3
          }
        },
        "line": 102
      },
      "4": {
        "name": "(anonymous_4)",
        "decl": {
          "start": {
            "line": 104,
            "column": 27
          },
          "end": {
            "line": 104,
            "column": 28
          }
        },
        "loc": {
          "start": {
            "line": 104,
            "column": 44
          },
          "end": {
            "line": 110,
            "column": 5
          }
        },
        "line": 104
      }
    },
    "branchMap": {
      "0": {
        "loc": {
          "start": {
            "line": 5,
            "column": 0
          },
          "end": {
            "line": 15,
            "column": 1
          }
        },
        "type": "if",
        "locations": [
          {
            "start": {
              "line": 5,
              "column": 0
            },
            "end": {
              "line": 15,
              "column": 1
            }
          },
          {
            "start": {},
            "end": {}
          }
        ],
        "line": 5
      },
      "1": {
        "loc": {
          "start": {
            "line": 6,
            "column": 2
          },
          "end": {
            "line": 8,
            "column": 3
          }
        },
        "type": "if",
        "locations": [
          {
            "start": {
              "line": 6,
              "column": 2
            },
            "end": {
              "line": 8,
              "column": 3
            }
          },
          {
            "start": {},
            "end": {}
          }
        ],
        "line": 6
      },
      "2": {
        "loc": {
          "start": {
            "line": 96,
            "column": 0
          },
          "end": {
            "line": 112,
            "column": 1
          }
        },
        "type": "if",
        "locations": [
          {
            "start": {
              "line": 96,
              "column": 0
            },
            "end": {
              "line": 112,
              "column": 1
            }
          },
          {
            "start": {},
            "end": {}
          }
        ],
        "line": 96
      },
      "3": {
        "loc": {
          "start": {
            "line": 105,
            "column": 6
          },
          "end": {
            "line": 106,
            "column": 15
          }
        },
        "type": "if",
        "locations": [
          {
            "start": {
              "line": 105,
              "column": 6
            },
            "end": {
              "line": 106,
              "column": 15
            }
          },
          {
            "start": {},
            "end": {}
          }
        ],
        "line": 105
      },
      "4": {
        "loc": {
          "start": {
            "line": 108,
            "column": 6
          },
          "end": {
            "line": 109,
            "column": 54
          }
        },
        "type": "if",
        "locations": [
          {
            "start": {
              "line": 108,
              "column": 6
            },
            "end": {
              "line": 109,
              "column": 54
            }
          },
          {
            "start": {},
            "end": {}
          }
        ],
        "line": 108
      }
    },
    "s": {
      "0": 73,
      "1": 73,
      "2": 0,
      "3": 73,
      "4": 73,
      "5": 73,
      "6": 73,
      "7": 73,
      "8": 73,
      "9": 440,
      "10": 440,
      "11": 323,
      "12": 440,
      "13": 73,
      "14": 73,
      "15": 73,
      "16": 73,
      "17": 73,
      "18": 73,
      "19": 73,
      "20": 48,
      "21": 48,
      "22": 0,
      "23": 0,
      "24": 0,
      "25": 0,
      "26": 0
    },
    "f": {
      "0": 73,
      "1": 440,
      "2": 323,
      "3": 48,
      "4": 0
    },
    "b": {
      "0": [
        73,
        0
      ],
      "1": [
        0,
        73
      ],
      "2": [
        73,
        0
      ],
      "3": [
        0,
        0
      ],
      "4": [
        0,
        0
      ]
    },
    "inputSourceMap": {
      "version": 3,
      "mappings": "AAeI,mBACE,cADF;;;;;;;;;;;;;;;;AAfJ,SAAgBA,gBAAgB;AAChC,SAASC,QAAQC,aAAa;AAC9B,SAASC,WAAWC,WAAWC,WAAWC,gBAAgB;AAC1D,SAASC,cAAc;AACvB,SAASC,cAAc;AACvB,SAASC,aAAa;AAEf,gBAASC,MAAmB;AAAAC;AACjC,QAAM,CAACC,aAAaC,cAAc,IAAIb,SAASS,MAAMK,IAAI;AAEzD,WAASC,eAAeC,MAAoB;AAC1CH,mBAAeG,IAAI;AAAA,EACrB;AAEA,SACE,mCACE;AAAA,2BAAC,UAAO,eAAR;AAAA;AAAA;AAAA;AAAA,WAAiC;AAAA,IACjC,uBAAC,UAAK,WAAU,QACd,iCAAC,UACC;AAAA,6BAAC,SAAM,MAAK,KAAI,SAAS,uBAAC,YAAS,kBAAV;AAAA;AAAA;AAAA;AAAA,aAAyC,KAAlE;AAAA;AAAA;AAAA;AAAA,aAAsE;AAAA,MACtE,uBAAC,SAAM,MAAK,UAAS,SAAS,uBAAC,aAAU,kBAAX;AAAA;AAAA;AAAA;AAAA,aAA0C,KAAxE;AAAA;AAAA;AAAA;AAAA,aAA4E;AAAA,MAC5E,uBAAC,SAAM,MAAK,UAAS,SAAS,uBAAC,aAAU,kBAAX;AAAA;AAAA;AAAA;AAAA,aAA0C,KAAxE;AAAA;AAAA;AAAA;AAAA,aAA4E;AAAA,MAC5E,uBAAC,SAAM,MAAK,KAAI,SAAS,uBAAC,aAAU,kBAAX;AAAA;AAAA;AAAA;AAAA,aAA0C,KAAnE;AAAA;AAAA;AAAA;AAAA,aAAuE;AAAA,SAJzE;AAAA;AAAA;AAAA;AAAA,WAKA,KANF;AAAA;AAAA;AAAA;AAAA,WAOA;AAAA,IACA,uBAAC,YAAD;AAAA;AAAA;AAAA;AAAA,WAAO;AAAA,OAVT;AAAA;AAAA;AAAA;AAAA,SAWA;AAEJ;AAACL,GArBeD,KAAG;AAAAO,KAAHP;AAAG;AAAAQ",
      "names": [
        "useState",
        "Routes",
        "Route",
        "Aboutpage",
        "Errorpage",
        "Formspage",
        "Homepage",
        "Layout",
        "Footer",
        "PAGES",
        "App",
        "_s",
        "currentPage",
        "setCurrentPage",
        "home",
        "handleOpenPage",
        "page",
        "_c",
        "$RefreshReg$"
      ],
      "sources": [
        "C:/evgmin/ROLLINGSCOPES/react2023Q1-tasks/rss-react-2023/my-app/src/components/app/App.tsx"
      ],
      "file": "C:/evgmin/ROLLINGSCOPES/react2023Q1-tasks/rss-react-2023/my-app/src/components/app/App.tsx"
    },
    "_coverageSchema": "1a1c01bbd47fc00a2c39e90264f33305004495a9",
    "hash": "a33aee5618e568864ac244622cd210afeefa7c2b"
  },
  "C:/evgmin/ROLLINGSCOPES/react2023Q1-tasks/rss-react-2023/my-app/src/store/index.tsx": {
    "path": "C:/evgmin/ROLLINGSCOPES/react2023Q1-tasks/rss-react-2023/my-app/src/store/index.tsx",
    "statementMap": {
      "0": {
        "start": {
          "line": 5,
          "column": 14
        },
        "end": {
          "line": 12,
          "column": 2
        }
      },
      "1": {
        "start": {
          "line": 11,
          "column": 39
        },
        "end": {
          "line": 11,
          "column": 88
        }
      }
    },
    "fnMap": {
      "0": {
        "name": "(anonymous_0)",
        "decl": {
          "start": {
            "line": 11,
            "column": 14
          },
          "end": {
            "line": 11,
            "column": 15
          }
        },
        "loc": {
          "start": {
            "line": 11,
            "column": 39
          },
          "end": {
            "line": 11,
            "column": 88
          }
        },
        "line": 11
      }
    },
    "branchMap": {},
    "s": {
      "0": 73,
      "1": 73
    },
    "f": {
      "0": 73
    },
    "b": {},
    "inputSourceMap": {
      "version": 3,
      "mappings": "AAAA,SAASA,sBAAsB;AAC/B,SAASC,gBAAgB;AACzB,OAAOC,mBAAmB;AAC1B,OAAOC,iBAAiB;AAExB,MAAMC,QAAQJ,eAAe;AAAA,EAC3BK,SAAS;AAAA,IACP,CAACJ,SAASK,WAAW,GAAGL,SAASI;AAAAA,IACjCE,QAAQL;AAAAA,IACRM,MAAML;AAAAA,EACR;AAAA,EACAM,YAAaC,yBAAwBA,oBAAoB,EAAEC,OAAOV,SAASQ,UAAU;AACvF,CAAC;AAED,eAAeL",
      "names": [
        "configureStore",
        "goodsApi",
        "searchReducer",
        "formReducer",
        "store",
        "reducer",
        "reducerPath",
        "search",
        "form",
        "middleware",
        "getDefaultMiddlware",
        "concat"
      ],
      "sources": [
        "C:/evgmin/ROLLINGSCOPES/react2023Q1-tasks/rss-react-2023/my-app/src/store/index.tsx"
      ],
      "file": "C:/evgmin/ROLLINGSCOPES/react2023Q1-tasks/rss-react-2023/my-app/src/store/index.tsx"
    },
    "_coverageSchema": "1a1c01bbd47fc00a2c39e90264f33305004495a9",
    "hash": "145ca0729410a2300ddbdb0f79c2f837669635d8"
  },
  "C:/evgmin/ROLLINGSCOPES/react2023Q1-tasks/rss-react-2023/my-app/src/entry-client.tsx": {
    "path": "C:/evgmin/ROLLINGSCOPES/react2023Q1-tasks/rss-react-2023/my-app/src/entry-client.tsx",
    "statementMap": {
      "0": {
        "start": {
          "line": 8,
          "column": 0
        },
        "end": {
          "line": 24,
          "column": 10
        }
      }
    },
    "fnMap": {},
    "branchMap": {},
    "s": {
      "0": 73
    },
    "f": {},
    "b": {},
    "inputSourceMap": {
      "version": 3,
      "mappings": "AAYQ;AAZR,OAAOA,WAAW;AAClB,OAAOC,cAAc;AACrB,SAASC,qBAAqB;AAC9B,SAASC,WAAW;AACpB,SAASC,gBAAgB;AACzB,OAAOC,WAAW;AAElBJ,SAASK,YACPC,SAASC,eAAe,MAAM,GAC9B,uBAAC,MAAM,YAAN,EACC,iCAAC,YAAS,OACR,iCAAC,iBACC,iCAAC,SAAD;AAAA;AAAA;AAAA;AAAA,OAAI,KADN;AAAA;AAAA;AAAA;AAAA,OAEA,KAHF;AAAA;AAAA;AAAA;AAAA,OAIA,KALF;AAAA;AAAA;AAAA;AAAA,OAMA,CACF",
      "names": [
        "React",
        "ReactDOM",
        "BrowserRouter",
        "App",
        "Provider",
        "store",
        "hydrateRoot",
        "document",
        "getElementById"
      ],
      "sources": [
        "C:/evgmin/ROLLINGSCOPES/react2023Q1-tasks/rss-react-2023/my-app/src/entry-client.tsx"
      ],
      "file": "C:/evgmin/ROLLINGSCOPES/react2023Q1-tasks/rss-react-2023/my-app/src/entry-client.tsx"
    },
    "_coverageSchema": "1a1c01bbd47fc00a2c39e90264f33305004495a9",
    "hash": "8db90f124cc0baca31f703fd686977c2bf54c5a4"
  }
}